p/redimensionada_581.jpg 1 0 0 50 50
p/redimensionada_579.jpg 1 0 0 50 50
p/redimensionada_580.jpg 1 0 0 50 50
p/redimensionada_578.jpg 1 0 0 50 50
p/redimensionada_577.jpg 1 0 0 50 50
p/redimensionada_576.jpg 1 0 0 50 50
p/redimensionada_575.jpg 1 0 0 50 50
p/redimensionada_574.jpg 1 0 0 50 50
p/redimensionada_572.jpg 1 0 0 50 50
p/redimensionada_573.jpg 1 0 0 50 50
p/redimensionada_571.jpg 1 0 0 50 50
p/redimensionada_570.jpg 1 0 0 50 50
p/redimensionada_569.jpg 1 0 0 50 50
p/redimensionada_568.jpg 1 0 0 50 50
p/redimensionada_567.jpg 1 0 0 50 50
p/redimensionada_566.jpg 1 0 0 50 50
p/redimensionada_565.jpg 1 0 0 50 50
p/redimensionada_564.jpg 1 0 0 50 50
p/redimensionada_563.jpg 1 0 0 50 50
p/redimensionada_562.jpg 1 0 0 50 50
p/redimensionada_561.jpg 1 0 0 50 50
p/redimensionada_560.jpg 1 0 0 50 50
p/redimensionada_559.jpg 1 0 0 50 50
p/redimensionada_558.jpg 1 0 0 50 50
p/redimensionada_557.jpg 1 0 0 50 50
p/redimensionada_556.jpg 1 0 0 50 50
p/redimensionada_555.jpg 1 0 0 50 50
p/redimensionada_554.jpg 1 0 0 50 50
p/redimensionada_553.jpg 1 0 0 50 50
p/redimensionada_552.jpg 1 0 0 50 50
p/redimensionada_551.jpg 1 0 0 50 50
p/redimensionada_550.jpg 1 0 0 50 50
p/redimensionada_549.jpg 1 0 0 50 50
p/redimensionada_548.jpg 1 0 0 50 50
p/redimensionada_547.jpg 1 0 0 50 50
p/redimensionada_545.jpg 1 0 0 50 50
p/redimensionada_546.jpg 1 0 0 50 50
p/redimensionada_544.jpg 1 0 0 50 50
p/redimensionada_542.jpg 1 0 0 50 50
p/redimensionada_543.jpg 1 0 0 50 50
p/redimensionada_541.jpg 1 0 0 50 50
p/redimensionada_540.jpg 1 0 0 50 50
p/redimensionada_539.jpg 1 0 0 50 50
p/redimensionada_538.jpg 1 0 0 50 50
p/redimensionada_536.jpg 1 0 0 50 50
p/redimensionada_537.jpg 1 0 0 50 50
p/redimensionada_535.jpg 1 0 0 50 50
p/redimensionada_534.jpg 1 0 0 50 50
p/redimensionada_533.jpg 1 0 0 50 50
p/redimensionada_532.jpg 1 0 0 50 50
p/redimensionada_531.jpg 1 0 0 50 50
p/redimensionada_530.jpg 1 0 0 50 50
p/redimensionada_529.jpg 1 0 0 50 50
p/redimensionada_528.jpg 1 0 0 50 50
p/redimensionada_527.jpg 1 0 0 50 50
p/redimensionada_526.jpg 1 0 0 50 50
p/redimensionada_525.jpg 1 0 0 50 50
p/redimensionada_524.jpg 1 0 0 50 50
p/redimensionada_523.jpg 1 0 0 50 50
p/redimensionada_521.jpg 1 0 0 50 50
p/redimensionada_522.jpg 1 0 0 50 50
p/redimensionada_520.jpg 1 0 0 50 50
p/redimensionada_519.jpg 1 0 0 50 50
p/redimensionada_518.jpg 1 0 0 50 50
p/redimensionada_517.jpg 1 0 0 50 50
p/redimensionada_515.jpg 1 0 0 50 50
p/redimensionada_516.jpg 1 0 0 50 50
p/redimensionada_514.jpg 1 0 0 50 50
p/redimensionada_513.jpg 1 0 0 50 50
p/redimensionada_512.jpg 1 0 0 50 50
p/redimensionada_511.jpg 1 0 0 50 50
p/redimensionada_510.jpg 1 0 0 50 50
p/redimensionada_509.jpg 1 0 0 50 50
p/redimensionada_508.jpg 1 0 0 50 50
p/redimensionada_506.jpg 1 0 0 50 50
p/redimensionada_507.jpg 1 0 0 50 50
p/redimensionada_505.jpg 1 0 0 50 50
p/redimensionada_504.jpg 1 0 0 50 50
p/redimensionada_502.jpg 1 0 0 50 50
p/redimensionada_503.jpg 1 0 0 50 50
p/redimensionada_501.jpg 1 0 0 50 50
p/redimensionada_500.jpg 1 0 0 50 50
p/redimensionada_499.jpg 1 0 0 50 50
p/redimensionada_498.jpg 1 0 0 50 50
p/redimensionada_497.jpg 1 0 0 50 50
p/redimensionada_496.jpg 1 0 0 50 50
p/redimensionada_495.jpg 1 0 0 50 50
p/redimensionada_494.jpg 1 0 0 50 50
p/redimensionada_493.jpg 1 0 0 50 50
p/redimensionada_492.jpg 1 0 0 50 50
p/redimensionada_491.jpg 1 0 0 50 50
p/redimensionada_490.jpg 1 0 0 50 50
p/redimensionada_489.jpg 1 0 0 50 50
p/redimensionada_488.jpg 1 0 0 50 50
p/redimensionada_487.jpg 1 0 0 50 50
p/redimensionada_486.jpg 1 0 0 50 50
p/redimensionada_485.jpg 1 0 0 50 50
p/redimensionada_481.jpg 1 0 0 50 50
p/redimensionada_482.jpg 1 0 0 50 50
p/redimensionada_483.jpg 1 0 0 50 50
p/redimensionada_484.jpg 1 0 0 50 50
p/redimensionada_480.jpg 1 0 0 50 50
p/redimensionada_478.jpg 1 0 0 50 50
p/redimensionada_479.jpg 1 0 0 50 50
p/redimensionada_477.jpg 1 0 0 50 50
p/redimensionada_476.jpg 1 0 0 50 50
p/redimensionada_475.jpg 1 0 0 50 50
p/redimensionada_474.jpg 1 0 0 50 50
p/redimensionada_473.jpg 1 0 0 50 50
p/redimensionada_472.jpg 1 0 0 50 50
p/redimensionada_471.jpg 1 0 0 50 50
p/redimensionada_469.jpg 1 0 0 50 50
p/redimensionada_470.jpg 1 0 0 50 50
p/redimensionada_468.jpg 1 0 0 50 50
p/redimensionada_467.jpg 1 0 0 50 50
p/redimensionada_466.jpg 1 0 0 50 50
p/redimensionada_463.jpg 1 0 0 50 50
p/redimensionada_464.jpg 1 0 0 50 50
p/redimensionada_465.jpg 1 0 0 50 50
p/redimensionada_462.jpg 1 0 0 50 50
p/redimensionada_461.jpg 1 0 0 50 50
p/redimensionada_460.jpg 1 0 0 50 50
p/redimensionada_459.jpg 1 0 0 50 50
p/redimensionada_458.jpg 1 0 0 50 50
p/redimensionada_457.jpg 1 0 0 50 50
p/redimensionada_456.jpg 1 0 0 50 50
p/redimensionada_455.jpg 1 0 0 50 50
p/redimensionada_454.jpg 1 0 0 50 50
p/redimensionada_453.jpg 1 0 0 50 50
p/redimensionada_452.jpg 1 0 0 50 50
p/redimensionada_451.jpg 1 0 0 50 50
p/redimensionada_450.jpg 1 0 0 50 50
p/redimensionada_449.jpg 1 0 0 50 50
p/redimensionada_448.jpg 1 0 0 50 50
p/redimensionada_447.jpg 1 0 0 50 50
p/redimensionada_446.jpg 1 0 0 50 50
p/redimensionada_444.jpg 1 0 0 50 50
p/redimensionada_445.jpg 1 0 0 50 50
p/redimensionada_443.jpg 1 0 0 50 50
p/redimensionada_442.jpg 1 0 0 50 50
p/redimensionada_441.jpg 1 0 0 50 50
p/redimensionada_440.jpg 1 0 0 50 50
p/redimensionada_439.jpg 1 0 0 50 50
p/redimensionada_438.jpg 1 0 0 50 50
p/redimensionada_437.jpg 1 0 0 50 50
p/redimensionada_435.jpg 1 0 0 50 50
p/redimensionada_436.jpg 1 0 0 50 50
p/redimensionada_433.jpg 1 0 0 50 50
p/redimensionada_434.jpg 1 0 0 50 50
p/redimensionada_432.jpg 1 0 0 50 50
p/redimensionada_431.jpg 1 0 0 50 50
p/redimensionada_430.jpg 1 0 0 50 50
p/redimensionada_429.jpg 1 0 0 50 50
p/redimensionada_428.jpg 1 0 0 50 50
p/redimensionada_427.jpg 1 0 0 50 50
p/redimensionada_426.jpg 1 0 0 50 50
p/redimensionada_425.jpg 1 0 0 50 50
p/redimensionada_424.jpg 1 0 0 50 50
p/redimensionada_423.jpg 1 0 0 50 50
p/redimensionada_422.jpg 1 0 0 50 50
p/redimensionada_420.jpg 1 0 0 50 50
p/redimensionada_421.jpg 1 0 0 50 50
p/redimensionada_418.jpg 1 0 0 50 50
p/redimensionada_419.jpg 1 0 0 50 50
p/redimensionada_417.jpg 1 0 0 50 50
p/redimensionada_416.jpg 1 0 0 50 50
p/redimensionada_415.jpg 1 0 0 50 50
p/redimensionada_414.jpg 1 0 0 50 50
p/redimensionada_413.jpg 1 0 0 50 50
p/redimensionada_412.jpg 1 0 0 50 50
p/redimensionada_411.jpg 1 0 0 50 50
p/redimensionada_410.jpg 1 0 0 50 50
p/redimensionada_409.jpg 1 0 0 50 50
p/redimensionada_408.jpg 1 0 0 50 50
p/redimensionada_407.jpg 1 0 0 50 50
p/redimensionada_406.jpg 1 0 0 50 50
p/redimensionada_405.jpg 1 0 0 50 50
p/redimensionada_404.jpg 1 0 0 50 50
p/redimensionada_403.jpg 1 0 0 50 50
p/redimensionada_402.jpg 1 0 0 50 50
p/redimensionada_401.jpg 1 0 0 50 50
p/redimensionada_400.jpg 1 0 0 50 50
p/redimensionada_399.jpg 1 0 0 50 50
p/redimensionada_398.jpg 1 0 0 50 50
p/redimensionada_397.jpg 1 0 0 50 50
p/redimensionada_396.jpg 1 0 0 50 50
p/redimensionada_395.jpg 1 0 0 50 50
p/redimensionada_394.jpg 1 0 0 50 50
p/redimensionada_393.jpg 1 0 0 50 50
p/redimensionada_392.jpg 1 0 0 50 50
p/redimensionada_391.jpg 1 0 0 50 50
p/redimensionada_390.jpg 1 0 0 50 50
p/redimensionada_389.jpg 1 0 0 50 50
p/redimensionada_388.jpg 1 0 0 50 50
p/redimensionada_387.jpg 1 0 0 50 50
p/redimensionada_385.jpg 1 0 0 50 50
p/redimensionada_386.jpg 1 0 0 50 50
p/redimensionada_384.jpg 1 0 0 50 50
p/redimensionada_383.jpg 1 0 0 50 50
p/redimensionada_382.jpg 1 0 0 50 50
p/redimensionada_381.jpg 1 0 0 50 50
p/redimensionada_380.jpg 1 0 0 50 50
p/redimensionada_379.jpg 1 0 0 50 50
p/redimensionada_378.jpg 1 0 0 50 50
p/redimensionada_377.jpg 1 0 0 50 50
p/redimensionada_376.jpg 1 0 0 50 50
p/redimensionada_375.jpg 1 0 0 50 50
p/redimensionada_374.jpg 1 0 0 50 50
p/redimensionada_373.jpg 1 0 0 50 50
p/redimensionada_372.jpg 1 0 0 50 50
p/redimensionada_371.jpg 1 0 0 50 50
p/redimensionada_370.jpg 1 0 0 50 50
p/redimensionada_369.jpg 1 0 0 50 50
p/redimensionada_368.jpg 1 0 0 50 50
p/redimensionada_367.jpg 1 0 0 50 50
p/redimensionada_366.jpg 1 0 0 50 50
p/redimensionada_365.jpg 1 0 0 50 50
p/redimensionada_364.jpg 1 0 0 50 50
p/redimensionada_362.jpg 1 0 0 50 50
p/redimensionada_363.jpg 1 0 0 50 50
p/redimensionada_361.jpg 1 0 0 50 50
p/redimensionada_360.jpg 1 0 0 50 50
p/redimensionada_359.jpg 1 0 0 50 50
p/redimensionada_358.jpg 1 0 0 50 50
p/redimensionada_357.jpg 1 0 0 50 50
p/redimensionada_356.jpg 1 0 0 50 50
p/redimensionada_355.jpg 1 0 0 50 50
p/redimensionada_354.jpg 1 0 0 50 50
p/redimensionada_353.jpg 1 0 0 50 50
p/redimensionada_352.jpg 1 0 0 50 50
p/redimensionada_351.jpg 1 0 0 50 50
p/redimensionada_349.jpg 1 0 0 50 50
p/redimensionada_350.jpg 1 0 0 50 50
p/redimensionada_348.jpg 1 0 0 50 50
p/redimensionada_347.jpg 1 0 0 50 50
p/redimensionada_346.jpg 1 0 0 50 50
p/redimensionada_345.jpg 1 0 0 50 50
p/redimensionada_344.jpg 1 0 0 50 50
p/redimensionada_343.jpg 1 0 0 50 50
p/redimensionada_341.jpg 1 0 0 50 50
p/redimensionada_342.jpg 1 0 0 50 50
p/redimensionada_340.jpg 1 0 0 50 50
p/redimensionada_339.jpg 1 0 0 50 50
p/redimensionada_338.jpg 1 0 0 50 50
p/redimensionada_337.jpg 1 0 0 50 50
p/redimensionada_336.jpg 1 0 0 50 50
p/redimensionada_335.jpg 1 0 0 50 50
p/redimensionada_334.jpg 1 0 0 50 50
p/redimensionada_333.jpg 1 0 0 50 50
p/redimensionada_332.jpg 1 0 0 50 50
p/redimensionada_331.jpg 1 0 0 50 50
p/redimensionada_330.jpg 1 0 0 50 50
p/redimensionada_329.jpg 1 0 0 50 50
p/redimensionada_328.jpg 1 0 0 50 50
p/redimensionada_327.jpg 1 0 0 50 50
p/redimensionada_326.jpg 1 0 0 50 50
p/redimensionada_325.jpg 1 0 0 50 50
p/redimensionada_324.jpg 1 0 0 50 50
p/redimensionada_323.jpg 1 0 0 50 50
p/redimensionada_322.jpg 1 0 0 50 50
p/redimensionada_321.jpg 1 0 0 50 50
p/redimensionada_320.jpg 1 0 0 50 50
p/redimensionada_318.jpg 1 0 0 50 50
p/redimensionada_319.jpg 1 0 0 50 50
p/redimensionada_317.jpg 1 0 0 50 50
p/redimensionada_316.jpg 1 0 0 50 50
p/redimensionada_313.jpg 1 0 0 50 50
p/redimensionada_314.jpg 1 0 0 50 50
p/redimensionada_315.jpg 1 0 0 50 50
p/redimensionada_312.jpg 1 0 0 50 50
p/redimensionada_311.jpg 1 0 0 50 50
p/redimensionada_310.jpg 1 0 0 50 50
p/redimensionada_309.jpg 1 0 0 50 50
p/redimensionada_308.jpg 1 0 0 50 50
p/redimensionada_307.jpg 1 0 0 50 50
p/redimensionada_306.jpg 1 0 0 50 50
p/redimensionada_305.jpg 1 0 0 50 50
p/redimensionada_303.jpg 1 0 0 50 50
p/redimensionada_304.jpg 1 0 0 50 50
p/redimensionada_300.jpg 1 0 0 50 50
p/redimensionada_301.jpg 1 0 0 50 50
p/redimensionada_302.jpg 1 0 0 50 50
p/redimensionada_299.jpg 1 0 0 50 50
p/redimensionada_298.jpg 1 0 0 50 50
p/redimensionada_297.jpg 1 0 0 50 50
p/redimensionada_295.jpg 1 0 0 50 50
p/redimensionada_296.jpg 1 0 0 50 50
p/redimensionada_294.jpg 1 0 0 50 50
p/redimensionada_293.jpg 1 0 0 50 50
p/redimensionada_292.jpg 1 0 0 50 50
p/redimensionada_291.jpg 1 0 0 50 50
p/redimensionada_289.jpg 1 0 0 50 50
p/redimensionada_290.jpg 1 0 0 50 50
p/redimensionada_288.jpg 1 0 0 50 50
p/redimensionada_287.jpg 1 0 0 50 50
p/redimensionada_286.jpg 1 0 0 50 50
p/redimensionada_285.jpg 1 0 0 50 50
p/redimensionada_283.jpg 1 0 0 50 50
p/redimensionada_284.jpg 1 0 0 50 50
p/redimensionada_282.jpg 1 0 0 50 50
p/redimensionada_281.jpg 1 0 0 50 50
p/redimensionada_280.jpg 1 0 0 50 50
p/redimensionada_279.jpg 1 0 0 50 50
p/redimensionada_278.jpg 1 0 0 50 50
p/redimensionada_277.jpg 1 0 0 50 50
p/redimensionada_276.jpg 1 0 0 50 50
p/redimensionada_275.jpg 1 0 0 50 50
p/redimensionada_274.jpg 1 0 0 50 50
p/redimensionada_273.jpg 1 0 0 50 50
p/redimensionada_272.jpg 1 0 0 50 50
p/redimensionada_271.jpg 1 0 0 50 50
p/redimensionada_270.jpg 1 0 0 50 50
p/redimensionada_269.jpg 1 0 0 50 50
p/redimensionada_268.jpg 1 0 0 50 50
p/redimensionada_267.jpg 1 0 0 50 50
p/redimensionada_266.jpg 1 0 0 50 50
p/redimensionada_265.jpg 1 0 0 50 50
p/redimensionada_264.jpg 1 0 0 50 50
p/redimensionada_263.jpg 1 0 0 50 50
p/redimensionada_262.jpg 1 0 0 50 50
p/redimensionada_261.jpg 1 0 0 50 50
p/redimensionada_260.jpg 1 0 0 50 50
p/redimensionada_259.jpg 1 0 0 50 50
p/redimensionada_258.jpg 1 0 0 50 50
p/redimensionada_257.jpg 1 0 0 50 50
p/redimensionada_256.jpg 1 0 0 50 50
p/redimensionada_255.jpg 1 0 0 50 50
p/redimensionada_254.jpg 1 0 0 50 50
p/redimensionada_253.jpg 1 0 0 50 50
p/redimensionada_252.jpg 1 0 0 50 50
p/redimensionada_251.jpg 1 0 0 50 50
p/redimensionada_250.jpg 1 0 0 50 50
p/redimensionada_249.jpg 1 0 0 50 50
p/redimensionada_248.jpg 1 0 0 50 50
p/redimensionada_247.jpg 1 0 0 50 50
p/redimensionada_246.jpg 1 0 0 50 50
p/redimensionada_245.jpg 1 0 0 50 50
p/redimensionada_244.jpg 1 0 0 50 50
p/redimensionada_243.jpg 1 0 0 50 50
p/redimensionada_242.jpg 1 0 0 50 50
p/redimensionada_241.jpg 1 0 0 50 50
p/redimensionada_240.jpg 1 0 0 50 50
p/redimensionada_239.jpg 1 0 0 50 50
p/redimensionada_238.jpg 1 0 0 50 50
p/redimensionada_237.jpg 1 0 0 50 50
p/redimensionada_236.jpg 1 0 0 50 50
p/redimensionada_235.jpg 1 0 0 50 50
p/redimensionada_234.jpg 1 0 0 50 50
p/redimensionada_233.jpg 1 0 0 50 50
p/redimensionada_232.jpg 1 0 0 50 50
p/redimensionada_230.jpg 1 0 0 50 50
p/redimensionada_231.jpg 1 0 0 50 50
p/redimensionada_229.jpg 1 0 0 50 50
p/redimensionada_228.jpg 1 0 0 50 50
p/redimensionada_227.jpg 1 0 0 50 50
p/redimensionada_226.jpg 1 0 0 50 50
p/redimensionada_225.jpg 1 0 0 50 50
p/redimensionada_224.jpg 1 0 0 50 50
p/redimensionada_223.jpg 1 0 0 50 50
p/redimensionada_222.jpg 1 0 0 50 50
p/redimensionada_221.jpg 1 0 0 50 50
p/redimensionada_220.jpg 1 0 0 50 50
p/redimensionada_219.jpg 1 0 0 50 50
p/redimensionada_218.jpg 1 0 0 50 50
p/redimensionada_217.jpg 1 0 0 50 50
p/redimensionada_216.jpg 1 0 0 50 50
p/redimensionada_215.jpg 1 0 0 50 50
p/redimensionada_214.jpg 1 0 0 50 50
p/redimensionada_213.jpg 1 0 0 50 50
p/redimensionada_212.jpg 1 0 0 50 50
p/redimensionada_211.jpg 1 0 0 50 50
p/redimensionada_210.jpg 1 0 0 50 50
p/redimensionada_209.jpg 1 0 0 50 50
p/redimensionada_208.jpg 1 0 0 50 50
p/redimensionada_207.jpg 1 0 0 50 50
p/redimensionada_206.jpg 1 0 0 50 50
p/redimensionada_205.jpg 1 0 0 50 50
p/redimensionada_204.jpg 1 0 0 50 50
p/redimensionada_203.jpg 1 0 0 50 50
p/redimensionada_202.jpg 1 0 0 50 50
p/redimensionada_201.jpg 1 0 0 50 50
p/redimensionada_200.jpg 1 0 0 50 50
p/redimensionada_199.jpg 1 0 0 50 50
p/redimensionada_198.jpg 1 0 0 50 50
p/redimensionada_197.jpg 1 0 0 50 50
p/redimensionada_196.jpg 1 0 0 50 50
p/redimensionada_195.jpg 1 0 0 50 50
p/redimensionada_194.jpg 1 0 0 50 50
p/redimensionada_193.jpg 1 0 0 50 50
p/redimensionada_192.jpg 1 0 0 50 50
p/redimensionada_191.jpg 1 0 0 50 50
p/redimensionada_190.jpg 1 0 0 50 50
p/redimensionada_189.jpg 1 0 0 50 50
p/redimensionada_188.jpg 1 0 0 50 50
p/redimensionada_187.jpg 1 0 0 50 50
p/redimensionada_186.jpg 1 0 0 50 50
p/redimensionada_185.jpg 1 0 0 50 50
p/redimensionada_184.jpg 1 0 0 50 50
p/redimensionada_182.jpg 1 0 0 50 50
p/redimensionada_183.jpg 1 0 0 50 50
p/redimensionada_181.jpg 1 0 0 50 50
p/redimensionada_180.jpg 1 0 0 50 50
p/redimensionada_179.jpg 1 0 0 50 50
p/redimensionada_178.jpg 1 0 0 50 50
p/redimensionada_177.jpg 1 0 0 50 50
p/redimensionada_176.jpg 1 0 0 50 50
p/redimensionada_175.jpg 1 0 0 50 50
p/redimensionada_174.jpg 1 0 0 50 50
p/redimensionada_173.jpg 1 0 0 50 50
p/redimensionada_172.jpg 1 0 0 50 50
p/redimensionada_171.jpg 1 0 0 50 50
p/redimensionada_170.jpg 1 0 0 50 50
p/redimensionada_169.jpg 1 0 0 50 50
p/redimensionada_168.jpg 1 0 0 50 50
p/redimensionada_167.jpg 1 0 0 50 50
p/redimensionada_166.jpg 1 0 0 50 50
p/redimensionada_165.jpg 1 0 0 50 50
p/redimensionada_164.jpg 1 0 0 50 50
p/redimensionada_163.jpg 1 0 0 50 50
p/redimensionada_162.jpg 1 0 0 50 50
p/redimensionada_161.jpg 1 0 0 50 50
p/redimensionada_160.jpg 1 0 0 50 50
p/redimensionada_159.jpg 1 0 0 50 50
p/redimensionada_158.jpg 1 0 0 50 50
p/redimensionada_157.jpg 1 0 0 50 50
p/redimensionada_156.jpg 1 0 0 50 50
p/redimensionada_155.jpg 1 0 0 50 50
p/redimensionada_154.jpg 1 0 0 50 50
p/redimensionada_153.jpg 1 0 0 50 50
p/redimensionada_152.jpg 1 0 0 50 50
p/redimensionada_151.jpg 1 0 0 50 50
p/redimensionada_150.jpg 1 0 0 50 50
p/redimensionada_149.jpg 1 0 0 50 50
p/redimensionada_148.jpg 1 0 0 50 50
p/redimensionada_147.jpg 1 0 0 50 50
p/redimensionada_146.jpg 1 0 0 50 50
p/redimensionada_145.jpg 1 0 0 50 50
p/redimensionada_144.jpg 1 0 0 50 50
p/redimensionada_143.jpg 1 0 0 50 50
p/redimensionada_142.jpg 1 0 0 50 50
p/redimensionada_141.jpg 1 0 0 50 50
p/redimensionada_139.jpg 1 0 0 50 50
p/redimensionada_140.jpg 1 0 0 50 50
p/redimensionada_138.jpg 1 0 0 50 50
p/redimensionada_137.jpg 1 0 0 50 50
p/redimensionada_136.jpg 1 0 0 50 50
p/redimensionada_135.jpg 1 0 0 50 50
p/redimensionada_134.jpg 1 0 0 50 50
p/redimensionada_133.jpg 1 0 0 50 50
p/redimensionada_132.jpg 1 0 0 50 50
p/redimensionada_131.jpg 1 0 0 50 50
p/redimensionada_130.jpg 1 0 0 50 50
p/redimensionada_129.jpg 1 0 0 50 50
p/redimensionada_128.jpg 1 0 0 50 50
p/redimensionada_127.jpg 1 0 0 50 50
p/redimensionada_126.jpg 1 0 0 50 50
p/redimensionada_125.jpg 1 0 0 50 50
p/redimensionada_124.jpg 1 0 0 50 50
p/redimensionada_123.jpg 1 0 0 50 50
p/redimensionada_122.jpg 1 0 0 50 50
p/redimensionada_121.jpg 1 0 0 50 50
p/redimensionada_120.jpg 1 0 0 50 50
p/redimensionada_119.jpg 1 0 0 50 50
p/redimensionada_118.jpg 1 0 0 50 50
p/redimensionada_117.jpg 1 0 0 50 50
p/redimensionada_116.jpg 1 0 0 50 50
p/redimensionada_115.jpg 1 0 0 50 50
p/redimensionada_114.jpg 1 0 0 50 50
p/redimensionada_113.jpg 1 0 0 50 50
p/redimensionada_112.jpg 1 0 0 50 50
p/redimensionada_111.jpg 1 0 0 50 50
p/redimensionada_110.jpg 1 0 0 50 50
p/redimensionada_109.jpg 1 0 0 50 50
p/redimensionada_108.jpg 1 0 0 50 50
p/redimensionada_107.jpg 1 0 0 50 50
p/redimensionada_106.jpg 1 0 0 50 50
p/redimensionada_105.jpg 1 0 0 50 50
p/redimensionada_104.jpg 1 0 0 50 50
p/redimensionada_103.jpg 1 0 0 50 50
p/redimensionada_102.jpg 1 0 0 50 50
p/redimensionada_101.jpg 1 0 0 50 50
p/redimensionada_100.jpg 1 0 0 50 50
p/redimensionada_99.jpg 1 0 0 50 50
p/redimensionada_98.jpg 1 0 0 50 50
p/redimensionada_97.jpg 1 0 0 50 50
p/redimensionada_96.jpg 1 0 0 50 50
p/redimensionada_95.jpg 1 0 0 50 50
p/redimensionada_93.jpg 1 0 0 50 50
p/redimensionada_94.jpg 1 0 0 50 50
p/redimensionada_92.jpg 1 0 0 50 50
p/redimensionada_91.jpg 1 0 0 50 50
p/redimensionada_90.jpg 1 0 0 50 50
p/redimensionada_89.jpg 1 0 0 50 50
p/redimensionada_88.jpg 1 0 0 50 50
p/redimensionada_87.jpg 1 0 0 50 50
p/redimensionada_86.jpg 1 0 0 50 50
p/redimensionada_85.jpg 1 0 0 50 50
p/redimensionada_84.jpg 1 0 0 50 50
p/redimensionada_83.jpg 1 0 0 50 50
p/redimensionada_82.jpg 1 0 0 50 50
p/redimensionada_81.jpg 1 0 0 50 50
p/redimensionada_80.jpg 1 0 0 50 50
p/redimensionada_79.jpg 1 0 0 50 50
p/redimensionada_78.jpg 1 0 0 50 50
p/redimensionada_77.jpg 1 0 0 50 50
p/redimensionada_76.jpg 1 0 0 50 50
p/redimensionada_75.jpg 1 0 0 50 50
p/redimensionada_74.jpg 1 0 0 50 50
p/redimensionada_73.jpg 1 0 0 50 50
p/redimensionada_72.jpg 1 0 0 50 50
p/redimensionada_71.jpg 1 0 0 50 50
p/redimensionada_70.jpg 1 0 0 50 50
p/redimensionada_68.jpg 1 0 0 50 50
p/redimensionada_69.jpg 1 0 0 50 50
p/redimensionada_67.jpg 1 0 0 50 50
p/redimensionada_66.jpg 1 0 0 50 50
p/redimensionada_65.jpg 1 0 0 50 50
p/redimensionada_64.jpg 1 0 0 50 50
p/redimensionada_63.jpg 1 0 0 50 50
p/redimensionada_62.jpg 1 0 0 50 50
p/redimensionada_61.jpg 1 0 0 50 50
p/redimensionada_60.jpg 1 0 0 50 50
p/redimensionada_59.jpg 1 0 0 50 50
p/redimensionada_58.jpg 1 0 0 50 50
p/redimensionada_57.jpg 1 0 0 50 50
p/redimensionada_56.jpg 1 0 0 50 50
p/redimensionada_55.jpg 1 0 0 50 50
p/redimensionada_54.jpg 1 0 0 50 50
p/redimensionada_53.jpg 1 0 0 50 50
p/redimensionada_52.jpg 1 0 0 50 50
p/redimensionada_51.jpg 1 0 0 50 50
p/redimensionada_50.jpg 1 0 0 50 50
p/redimensionada_49.jpg 1 0 0 50 50
p/redimensionada_48.jpg 1 0 0 50 50
p/redimensionada_47.jpg 1 0 0 50 50
p/redimensionada_46.jpg 1 0 0 50 50
p/redimensionada_45.jpg 1 0 0 50 50
p/redimensionada_44.jpg 1 0 0 50 50
p/redimensionada_42.jpg 1 0 0 50 50
p/redimensionada_43.jpg 1 0 0 50 50
p/redimensionada_41.jpg 1 0 0 50 50
p/redimensionada_40.jpg 1 0 0 50 50
p/redimensionada_39.jpg 1 0 0 50 50
p/redimensionada_38.jpg 1 0 0 50 50
p/redimensionada_37.jpg 1 0 0 50 50
p/redimensionada_36.jpg 1 0 0 50 50
p/redimensionada_35.jpg 1 0 0 50 50
p/redimensionada_34.jpg 1 0 0 50 50
p/redimensionada_32.jpg 1 0 0 50 50
p/redimensionada_33.jpg 1 0 0 50 50
p/redimensionada_31.jpg 1 0 0 50 50
p/redimensionada_30.jpg 1 0 0 50 50
p/redimensionada_28.jpg 1 0 0 50 50
p/redimensionada_29.jpg 1 0 0 50 50
p/redimensionada_27.jpg 1 0 0 50 50
p/redimensionada_26.jpg 1 0 0 50 50
p/redimensionada_25.jpg 1 0 0 50 50
p/redimensionada_24.jpg 1 0 0 50 50
p/redimensionada_23.jpg 1 0 0 50 50
p/redimensionada_22.jpg 1 0 0 50 50
p/redimensionada_21.jpg 1 0 0 50 50
p/redimensionada_20.jpg 1 0 0 50 50
p/redimensionada_19.jpg 1 0 0 50 50
p/redimensionada_18.jpg 1 0 0 50 50
p/redimensionada_17.jpg 1 0 0 50 50
p/redimensionada_16.jpg 1 0 0 50 50
p/redimensionada_15.jpg 1 0 0 50 50
p/redimensionada_14.jpg 1 0 0 50 50
p/redimensionada_13.jpg 1 0 0 50 50
p/redimensionada_12.jpg 1 0 0 50 50
p/redimensionada_11.jpg 1 0 0 50 50
p/redimensionada_10.jpg 1 0 0 50 50
p/redimensionada_9.jpg 1 0 0 50 50
p/redimensionada_8.jpg 1 0 0 50 50
p/redimensionada_7.jpg 1 0 0 50 50
p/redimensionada_6.jpg 1 0 0 50 50
p/redimensionada_5.jpg 1 0 0 50 50
p/redimensionada_4.jpg 1 0 0 50 50
p/redimensionada_3.jpg 1 0 0 50 50
p/redimensionada_2.jpg 1 0 0 50 50
p/redimensionada_1.jpg 1 0 0 50 50
p/redimensionada_0.jpg 1 0 0 50 50